#
# A fatal error has been detected by the Java Runtime Environment:
#
#  EXCEPTION_ACCESS_VIOLATION (0xc0000005) at pc=0x00007ffdf7cac8e8, pid=24904, tid=14252
#
# JRE version: OpenJDK Runtime Environment Temurin-17.0.2+8 (17.0.2+8) (build 17.0.2+8)
# Java VM: OpenJDK 64-Bit Server VM Temurin-17.0.2+8 (17.0.2+8, mixed mode, tiered, compressed oops, compressed class ptrs, parallel gc, windows-amd64)
# Problematic frame:
# V  [jvm.dll+0xc8e8]
#
# No core dump will be written. Minidumps are not enabled by default on client versions of Windows
#
# If you would like to submit a bug report, please visit:
#   https://github.com/adoptium/adoptium-support/issues
#

---------------  S U M M A R Y ------------

Command Line: --add-modules=ALL-SYSTEM --add-opens=java.base/java.util=ALL-UNNAMED --add-opens=java.base/java.lang=ALL-UNNAMED --add-opens=java.base/sun.nio.fs=ALL-UNNAMED -Declipse.application=org.eclipse.jdt.ls.core.id1 -Dosgi.bundles.defaultStartLevel=4 -Declipse.product=org.eclipse.jdt.ls.core.product -Djava.import.generatesMetadataFilesAtProjectRoot=false -Dfile.encoding=utf8 -DwatchParentProcess=false -XX:+UseParallelGC -XX:GCTimeRatio=4 -XX:AdaptiveSizePolicyWeight=90 -Dsun.zip.disableMemoryMapping=true -Xmx1G -Xms100m -XX:+HeapDumpOnOutOfMemoryError -XX:HeapDumpPath=c:\Users\conno\AppData\Roaming\Code\User\workspaceStorage\12c2ddea5a51b5be4645d4cc21411975\redhat.java c:\Users\conno\.vscode\extensions\redhat.java-1.6.0-win32-x64\server\plugins\org.eclipse.equinox.launcher_1.6.400.v20210924-0641.jar -configuration c:\Users\conno\AppData\Roaming\Code\User\globalStorage\redhat.java\1.6.0\config_win -data c:\Users\conno\AppData\Roaming\Code\User\workspaceStorage\12c2ddea5a51b5be4645d4cc21411975\redhat.java\jdt_ws

Host: Intel(R) Core(TM) i7-9750H CPU @ 2.60GHz, 12 cores, 31G,  Windows 11 , 64 bit Build 22000 (10.0.22000.675)
Time: Fri May 27 17:16:07 2022 Mountain Daylight Time elapsed time: 11849.069965 seconds (0d 3h 17m 29s)

---------------  T H R E A D  ---------------

Current thread (0x0000026dff5719c0):  GCTaskThread "GC Thread#1" [stack: 0x000000bd34400000,0x000000bd34500000] [id=14252]

Stack: [0x000000bd34400000,0x000000bd34500000],  sp=0x000000bd344ffa68,  free space=1022k
Native frames: (J=compiled Java code, j=interpreted, Vv=VM code, C=native code)
V  [jvm.dll+0xc8e8]


siginfo: EXCEPTION_ACCESS_VIOLATION (0xc0000005), reading address 0x000000060353e188


Register to memory mapping:

RIP=0x00007ffdf7cac8e8 jvm.dll
RAX=0x0000000000000001 is an unknown value
RBX=0x00000000c61c77f0 is pointing into object: org.eclipse.jdt.internal.compiler.lookup.MethodBinding 
{0x00000000c61c77c0} - klass: 'org/eclipse/jdt/internal/compiler/lookup/MethodBinding'
 - ---- fields (total size 10 words):
 - public 'modifiers' 'I' @12  33554433 (2000001)
 - public 'tagBits' 'J' @16  0 (0 0)
 - public 'extendedTagBits' 'I' @24  0
 - public 'defaultNullness' 'I' @28  0
 - public 'selector' '[C' @32  [C{0x00000000c48c2018} (c48c2018)
 - public 'returnType' 'Lorg/eclipse/jdt/internal/compiler/lookup/TypeBinding;' @36  a 'org/eclipse/jdt/internal/compiler/lookup/UnresolvedReferenceBinding'{0x00000000c61c7118} (c61c7118)
 - public 'parameters' '[Lorg/eclipse/jdt/internal/compiler/lookup/TypeBinding;' @40  a 'org/eclipse/jdt/internal/compiler/lookup/TypeBinding'[0] {0x00000000c069fbd8} (c069fbd8)
 - public 'receiver' 'Lorg/eclipse/jdt/internal/compiler/lookup/TypeBinding;' @44  NULL (0)
 - public 'thrownExceptions' '[Lorg/eclipse/jdt/internal/compiler/lookup/ReferenceBinding;' @48  a 'org/eclipse/jdt/internal/compiler/lookup/ReferenceBinding'[0] {0x00000000c069ea70} (c069ea70)
 - public 'declaringClass' 'Lorg/eclipse/jdt/internal/compiler/lookup/ReferenceBinding;' @52  a 'org/eclipse/jdt/internal/compiler/lookup/BinaryTypeBinding'{0x00000000c61c6e70} (c61c6e70)
 - public 'typeVariables' '[Lorg/eclipse/jdt/internal/compiler/lookup/TypeVariableBinding;' @56  a 'org/eclipse/jdt/internal/compiler/lookup/TypeVariableBinding'[0] {0x00000000c06a7c30} (c06a7c30)
 - 'signature' '[C' @60  NULL (0)
 - protected 'typeAnnotations' '[Lorg/eclipse/jdt/internal/compiler/lookup/AnnotationBinding;' @64  a 'org/eclipse/jdt/internal/compiler/lookup/AnnotationBinding'[0] {0x00000000c06aae88} (c06aae88)
 - public 'parameterNonNullness' '[Ljava/lang/Boolean;' @68  NULL (0)
 - public 'parameterNames' '[[C' @72  a {type array char}[0] {0x00000000c06a44a0} (c06a44a0)
RCX=0x0000000000000003 is an unknown value
RDX=0x00000000c61c77f0 is pointing into object: org.eclipse.jdt.internal.compiler.lookup.MethodBinding 
{0x00000000c61c77c0} - klass: 'org/eclipse/jdt/internal/compiler/lookup/MethodBinding'
 - ---- fields (total size 10 words):
 - public 'modifiers' 'I' @12  33554433 (2000001)
 - public 'tagBits' 'J' @16  0 (0 0)
 - public 'extendedTagBits' 'I' @24  0
 - public 'defaultNullness' 'I' @28  0
 - public 'selector' '[C' @32  [C{0x00000000c48c2018} (c48c2018)
 - public 'returnType' 'Lorg/eclipse/jdt/internal/compiler/lookup/TypeBinding;' @36  a 'org/eclipse/jdt/internal/compiler/lookup/UnresolvedReferenceBinding'{0x00000000c61c7118} (c61c7118)
 - public 'parameters' '[Lorg/eclipse/jdt/internal/compiler/lookup/TypeBinding;' @40  a 'org/eclipse/jdt/internal/compiler/lookup/TypeBinding'[0] {0x00000000c069fbd8} (c069fbd8)
 - public 'receiver' 'Lorg/eclipse/jdt/internal/compiler/lookup/TypeBinding;' @44  NULL (0)
 - public 'thrownExceptions' '[Lorg/eclipse/jdt/internal/compiler/lookup/ReferenceBinding;' @48  a 'org/eclipse/jdt/internal/compiler/lookup/ReferenceBinding'[0] {0x00000000c069ea70} (c069ea70)
 - public 'declaringClass' 'Lorg/eclipse/jdt/internal/compiler/lookup/ReferenceBinding;' @52  a 'org/eclipse/jdt/internal/compiler/lookup/BinaryTypeBinding'{0x00000000c61c6e70} (c61c6e70)
 - public 'typeVariables' '[Lorg/eclipse/jdt/internal/compiler/lookup/TypeVariableBinding;' @56  a 'org/eclipse/jdt/internal/compiler/lookup/TypeVariableBinding'[0] {0x00000000c06a7c30} (c06a7c30)
 - 'signature' '[C' @60  NULL (0)
 - protected 'typeAnnotations' '[Lorg/eclipse/jdt/internal/compiler/lookup/AnnotationBinding;' @64  a 'org/eclipse/jdt/internal/compiler/lookup/AnnotationBinding'[0] {0x00000000c06aae88} (c06aae88)
 - public 'parameterNonNullness' '[Ljava/lang/Boolean;' @68  NULL (0)
 - public 'parameterNames' '[[C' @72  a {type array char}[0] {0x00000000c06a44a0} (c06a44a0)
RSP=0x000000bd344ffa68 points into unknown readable memory: 0x00007ffdf8347f18 | 18 7f 34 f8 fd 7f 00 00
RBP=0x0000026dfbee81a0 points into unknown readable memory: 0x0000026de5f50150 | 50 01 f5 e5 6d 02 00 00
RSI=0x00007ffdf864e518 jvm.dll
RDI=0x00000000c60c77e8 is pointing into object: [Lorg.eclipse.jdt.internal.compiler.lookup.ElementValuePair; 
{0x00000000c60c77d8} - klass: 'org/eclipse/jdt/internal/compiler/lookup/ElementValuePair'[]
 - length: 1
R8 =0x000000060353e180 is an unknown value
R9 =0x0000000000000001 is an unknown value
R10=0x0000000000000001 is an unknown value
R11=0x00000000c60c77d8 is an oop: [Lorg.eclipse.jdt.internal.compiler.lookup.ElementValuePair; 
{0x00000000c60c77d8} - klass: 'org/eclipse/jdt/internal/compiler/lookup/ElementValuePair'[]
 - length: 1
R12=0x0 is NULL
R13=0x000000bd344ffc70 points into unknown readable memory: 0x00007ffdf864ef30 | 30 ef 64 f8 fd 7f 00 00
R14=0x00000000c60c77ec is pointing into object: [Lorg.eclipse.jdt.internal.compiler.lookup.ElementValuePair; 
{0x00000000c60c77d8} - klass: 'org/eclipse/jdt/internal/compiler/lookup/ElementValuePair'[]
 - length: 1
R15=0x00007ffdf87b36b0 jvm.dll


Registers:
RAX=0x0000000000000001, RBX=0x00000000c61c77f0, RCX=0x0000000000000003, RDX=0x00000000c61c77f0
RSP=0x000000bd344ffa68, RBP=0x0000026dfbee81a0, RSI=0x00007ffdf864e518, RDI=0x00000000c60c77e8
R8 =0x000000060353e180, R9 =0x0000000000000001, R10=0x0000000000000001, R11=0x00000000c60c77d8
R12=0x0000000000000000, R13=0x000000bd344ffc70, R14=0x00000000c60c77ec, R15=0x00007ffdf87b36b0
RIP=0x00007ffdf7cac8e8, EFLAGS=0x0000000000010202

Top of Stack: (sp=0x000000bd344ffa68)
0x000000bd344ffa68:   00007ffdf8347f18 00000000c60c77b8
0x000000bd344ffa78:   00000000c60c77b0 00007ffdf87b36b0
0x000000bd344ffa88:   00007ffdf85b6b10 00007ffdf85b6b10
0x000000bd344ffa98:   00007ffdf834824d 0000026dfbee81a0
0x000000bd344ffaa8:   000000bd344ffb09 00007ffdf864e518
0x000000bd344ffab8:   0000000000012d37 0000000000000000
0x000000bd344ffac8:   0000000000000000 0000000000000000
0x000000bd344ffad8:   0000000000000000 0000000000000000
0x000000bd344ffae8:   00007ffe8bf9b300 0000026dff4c9550
0x000000bd344ffaf8:   00007ffdf8480001 00007ffdf85b6b10
0x000000bd344ffb08:   0000026de6170420 00004ca700000003
0x000000bd344ffb18:   0000026dfbee81a0 0000000000000000
0x000000bd344ffb28:   0000000000000000 0000026dff4c9550
0x000000bd344ffb38:   0000026dfdd0fae8 00000000000003d8
0x000000bd344ffb48:   0000026dff5742b0 0000026dfdd0f700
0x000000bd344ffb58:   0000026dfbee81a0 0000026dfdd0f710 

Instructions: (pc=0x00007ffdf7cac8e8)
0x00007ffdf7cac7e8:   48 83 c4 20 5e c3 cc cc 48 8b 01 c3 cc cc cc cc
0x00007ffdf7cac7f8:   cc cc cc cc cc cc cc cc 4c 8b 01 4c 8b c9 48 8b
0x00007ffdf7cac808:   0d 83 d1 b4 00 ba 44 60 08 00 e9 59 f2 ff ff cc
0x00007ffdf7cac818:   cc cc cc cc cc cc cc cc 48 89 5c 24 08 57 48 83
0x00007ffdf7cac828:   ec 20 48 8b 39 48 8b d9 48 85 3d 91 ae b9 00 75
0x00007ffdf7cac838:   0e 48 8b c7 48 8b 5c 24 30 48 83 c4 20 5f c3 48
0x00007ffdf7cac848:   8b cf e8 c1 47 85 00 48 8b d0 48 85 c0 74 20 48
0x00007ffdf7cac858:   8b c7 f0 48 0f b1 13 74 16 48 85 05 60 ae b9 00
0x00007ffdf7cac868:   74 0d 48 8b c8 f0 48 0f b1 13 48 3b c1 75 ea 48
0x00007ffdf7cac878:   8b 5c 24 30 48 8b c2 48 83 c4 20 5f c3 cc cc cc
0x00007ffdf7cac888:   cc cc cc cc cc cc cc cc 4c 8b 01 4c 8b c9 48 8b
0x00007ffdf7cac898:   0d f3 d0 b4 00 ba 64 60 08 00 e9 c9 f1 ff ff cc
0x00007ffdf7cac8a8:   cc cc cc cc cc cc cc cc 8b 05 32 1a af 00 c3 cc
0x00007ffdf7cac8b8:   cc cc cc cc cc cc cc cc 0f b6 05 28 d9 b5 00 48
0x00007ffdf7cac8c8:   8b d1 84 c0 74 16 44 8b 41 08 8b 0d 10 1a af 00
0x00007ffdf7cac8d8:   49 d3 e0 4c 03 05 fe 19 af 00 eb 04 4c 8b 41 08
0x00007ffdf7cac8e8:   45 8b 50 08 45 85 d2 7e 0e 41 f6 c2 01 75 53 41
0x00007ffdf7cac8f8:   c1 fa 03 41 8b c2 c3 79 49 84 c0 b9 10 00 00 00
0x00007ffdf7cac908:   8b 05 16 29 af 00 41 b8 0c 00 00 00 41 0f 45 c8
0x00007ffdf7cac918:   ff c8 4c 63 c8 48 63 14 11 41 8b ca 83 e1 3f 48
0x00007ffdf7cac928:   d3 e2 41 8b ca 48 c1 f9 10 0f b6 c1 49 8d 0c 11
0x00007ffdf7cac938:   49 f7 d1 48 03 c1 49 c1 e9 03 48 c1 e8 03 41 23
0x00007ffdf7cac948:   c1 c3 49 8b 00 49 8b c8 48 ff a0 00 01 00 00 cc
0x00007ffdf7cac958:   cc cc cc cc cc cc cc cc 8b 44 24 30 45 03 c9 44
0x00007ffdf7cac968:   2b 4c 24 28 83 c0 0b 44 03 ca 45 03 c8 41 03 c1
0x00007ffdf7cac978:   c3 cc cc cc cc cc cc cc 4c 8b ca 48 8b d1 45 8b
0x00007ffdf7cac988:   41 08 45 85 c0 7e 0e 41 f6 c0 01 75 56 41 c1 f8
0x00007ffdf7cac998:   03 41 8b c0 c3 79 4c 80 3d 49 d8 b5 00 00 b8 0c
0x00007ffdf7cac9a8:   00 00 00 b9 10 00 00 00 0f 45 c8 8b 05 6b 28 af
0x00007ffdf7cac9b8:   00 ff c8 4c 63 c8 48 63 14 11 41 8b c8 83 e1 3f
0x00007ffdf7cac9c8:   48 d3 e2 41 8b c8 48 c1 f9 10 0f b6 c1 49 8d 0c
0x00007ffdf7cac9d8:   11 49 f7 d1 48 03 c1 49 c1 e9 03 48 c1 e8 03 41 


Stack slot to memory mapping:
stack at sp + 0 slots: 0x00007ffdf8347f18 jvm.dll
stack at sp + 1 slots: 0x00000000c60c77b8 is an oop: org.eclipse.jdt.internal.compiler.lookup.UnresolvedAnnotationBinding 
{0x00000000c60c77b8} - klass: 'org/eclipse/jdt/internal/compiler/lookup/UnresolvedAnnotationBinding'
 - ---- fields (total size 4 words):
 - 'type' 'Lorg/eclipse/jdt/internal/compiler/lookup/ReferenceBinding;' @12  a 'org/eclipse/jdt/internal/compiler/lookup/UnresolvedReferenceBinding'{0x00000000c6023448} (c6023448)
 - 'pairs' '[Lorg/eclipse/jdt/internal/compiler/lookup/ElementValuePair;' @16  a 'org/eclipse/jdt/internal/compiler/lookup/ElementValuePair'[1] {0x00000000c60c77d8} (c60c77d8)
 - private 'typeUnresolved' 'Z' @20  true
 - private 'env' 'Lorg/eclipse/jdt/internal/compiler/lookup/LookupEnvironment;' @24  a 'org/eclipse/jdt/internal/compiler/lookup/LookupEnvironment'{0x00000000c5ff0280} (c5ff0280)
stack at sp + 2 slots: 0x00000000c60c77b0 is pointing into object: [Lorg.eclipse.jdt.internal.compiler.lookup.AnnotationBinding; 
{0x00000000c60c77a0} - klass: 'org/eclipse/jdt/internal/compiler/lookup/AnnotationBinding'[]
 - length: 1
stack at sp + 3 slots: 0x00007ffdf87b36b0 jvm.dll
stack at sp + 4 slots: 0x00007ffdf85b6b10 jvm.dll
stack at sp + 5 slots: 0x00007ffdf85b6b10 jvm.dll
stack at sp + 6 slots: 0x00007ffdf834824d jvm.dll
stack at sp + 7 slots: 0x0000026dfbee81a0 points into unknown readable memory: 0x0000026de5f50150 | 50 01 f5 e5 6d 02 00 00


---------------  P R O C E S S  ---------------

Threads class SMR info:
_java_thread_list=0x0000026d810d5380, length=48, elements={
0x0000026de6163be0, 0x0000026dfbf33390, 0x0000026dfbf349a0, 0x0000026dfbf3a3e0,
0x0000026dfbf3b160, 0x0000026dfbf3bfd0, 0x0000026dfbf3e130, 0x0000026dfdcc3460,
0x0000026dfdcc5990, 0x0000026dfdcc9580, 0x0000026dfbdc0a60, 0x0000026dfdeb9320,
0x0000026dff4c9550, 0x0000026dff5709c0, 0x0000026dff571340, 0x0000026dff5a4030,
0x0000026dff83e850, 0x0000026d80af5a20, 0x0000026d80ce4d00, 0x0000026d80ce2680,
0x0000026d80ce21b0, 0x0000026d86c44b50, 0x0000026d86c45020, 0x0000026d86c41190,
0x0000026d86c48510, 0x0000026d86c41660, 0x0000026d86c471d0, 0x0000026d86c459c0,
0x0000026d86c43ce0, 0x0000026d86c45e90, 0x0000026d86c429a0, 0x0000026d86c424d0,
0x0000026dff255010, 0x0000026dff25ab80, 0x0000026dff2571c0, 0x0000026dff259370,
0x0000026dff2589d0, 0x0000026dff258500, 0x0000026dff259d10, 0x0000026dff25a6b0,
0x0000026dff25b520, 0x0000026dff257b60, 0x0000026dff254670, 0x0000026dff255e80,
0x0000026dff256350, 0x0000026dff2554e0, 0x0000026dff2559b0, 0x0000026dff256820
}

Java Threads: ( => current thread )
  0x0000026de6163be0 JavaThread "main" [_thread_blocked, id=27788, stack(0x000000bd33200000,0x000000bd33300000)]
  0x0000026dfbf33390 JavaThread "Reference Handler" daemon [_thread_blocked, id=28636, stack(0x000000bd33500000,0x000000bd33600000)]
  0x0000026dfbf349a0 JavaThread "Finalizer" daemon [_thread_blocked, id=10604, stack(0x000000bd33600000,0x000000bd33700000)]
  0x0000026dfbf3a3e0 JavaThread "Signal Dispatcher" daemon [_thread_blocked, id=18460, stack(0x000000bd33700000,0x000000bd33800000)]
  0x0000026dfbf3b160 JavaThread "Attach Listener" daemon [_thread_blocked, id=30660, stack(0x000000bd33800000,0x000000bd33900000)]
  0x0000026dfbf3bfd0 JavaThread "Service Thread" daemon [_thread_blocked, id=23108, stack(0x000000bd33900000,0x000000bd33a00000)]
  0x0000026dfbf3e130 JavaThread "Monitor Deflation Thread" daemon [_thread_blocked, id=24948, stack(0x000000bd33a00000,0x000000bd33b00000)]
  0x0000026dfdcc3460 JavaThread "C2 CompilerThread0" daemon [_thread_blocked, id=27976, stack(0x000000bd33b00000,0x000000bd33c00000)]
  0x0000026dfdcc5990 JavaThread "C1 CompilerThread0" daemon [_thread_blocked, id=9452, stack(0x000000bd33c00000,0x000000bd33d00000)]
  0x0000026dfdcc9580 JavaThread "Sweeper thread" daemon [_thread_blocked, id=29188, stack(0x000000bd33d00000,0x000000bd33e00000)]
  0x0000026dfbdc0a60 JavaThread "Common-Cleaner" daemon [_thread_blocked, id=30956, stack(0x000000bd33e00000,0x000000bd33f00000)]
  0x0000026dfdeb9320 JavaThread "Notification Thread" daemon [_thread_blocked, id=27984, stack(0x000000bd34000000,0x000000bd34100000)]
  0x0000026dff4c9550 JavaThread "Active Thread: Equinox Container: f66e6947-79d6-43e5-a8ea-bd93865592ce" [_thread_blocked, id=23692, stack(0x000000bd34200000,0x000000bd34300000)]
  0x0000026dff5709c0 JavaThread "Framework Event Dispatcher: Equinox Container: f66e6947-79d6-43e5-a8ea-bd93865592ce" daemon [_thread_blocked, id=23092, stack(0x000000bd33f00000,0x000000bd34000000)]
  0x0000026dff571340 JavaThread "Start Level: Equinox Container: f66e6947-79d6-43e5-a8ea-bd93865592ce" daemon [_thread_blocked, id=29440, stack(0x000000bd34300000,0x000000bd34400000)]
  0x0000026dff5a4030 JavaThread "SCR Component Actor" daemon [_thread_blocked, id=28204, stack(0x000000bd34a00000,0x000000bd34b00000)]
  0x0000026dff83e850 JavaThread "Worker-JM" [_thread_blocked, id=6868, stack(0x000000bd34c00000,0x000000bd34d00000)]
  0x0000026d80af5a20 JavaThread "Java indexing" daemon [_thread_blocked, id=19228, stack(0x000000bd35200000,0x000000bd35300000)]
  0x0000026d80ce4d00 JavaThread "pool-2-thread-1" [_thread_in_native, id=9396, stack(0x000000bd35400000,0x000000bd35500000)]
  0x0000026d80ce2680 JavaThread "ForkJoinPool.commonPool-worker-1" daemon [_thread_blocked, id=25368, stack(0x000000bd35800000,0x000000bd35900000)]
  0x0000026d80ce21b0 JavaThread "ForkJoinPool.commonPool-worker-4" daemon [_thread_blocked, id=28508, stack(0x000000bd35b00000,0x000000bd35c00000)]
  0x0000026d86c44b50 JavaThread "ForkJoinPool.commonPool-worker-5" daemon [_thread_blocked, id=29612, stack(0x000000bd35d00000,0x000000bd35e00000)]
  0x0000026d86c45020 JavaThread "Bundle File Closer" daemon [_thread_blocked, id=29256, stack(0x000000bd35f00000,0x000000bd36000000)]
  0x0000026d86c41190 JavaThread "Java Debug Server" daemon [_thread_in_native, id=27412, stack(0x000000bd35500000,0x000000bd35600000)]
  0x0000026d86c48510 JavaThread "RxSchedulerPurge-1" daemon [_thread_blocked, id=28392, stack(0x000000bd36000000,0x000000bd36100000)]
  0x0000026d86c41660 JavaThread "RxCachedWorkerPoolEvictor-1" daemon [_thread_blocked, id=30820, stack(0x000000bd36100000,0x000000bd36200000)]
  0x0000026d86c471d0 JavaThread "ForkJoinPool.commonPool-worker-7" daemon [_thread_blocked, id=28628, stack(0x000000bd32f00000,0x000000bd33000000)]
  0x0000026d86c459c0 JavaThread "ForkJoinPool.commonPool-worker-8" daemon [_thread_blocked, id=19784, stack(0x000000bd34d00000,0x000000bd34e00000)]
  0x0000026d86c43ce0 JavaThread "ForkJoinPool.commonPool-worker-9" daemon [_thread_blocked, id=28904, stack(0x000000bd33000000,0x000000bd33100000)]
  0x0000026d86c45e90 JavaThread "ForkJoinPool.commonPool-worker-11" daemon [_thread_blocked, id=28640, stack(0x000000bd33100000,0x000000bd33200000)]
  0x0000026d86c429a0 JavaThread "ForkJoinPool.commonPool-worker-14" daemon [_thread_blocked, id=28796, stack(0x000000bd35a00000,0x000000bd35b00000)]
  0x0000026d86c424d0 JavaThread "ForkJoinPool.commonPool-worker-15" daemon [_thread_blocked, id=31060, stack(0x000000bd35300000,0x000000bd35400000)]
  0x0000026dff255010 JavaThread "Worker-12" [_thread_blocked, id=30908, stack(0x000000bd34b00000,0x000000bd34c00000)]
  0x0000026dff25ab80 JavaThread "ForkJoinPool.commonPool-worker-17" daemon [_thread_blocked, id=28104, stack(0x000000bd34e00000,0x000000bd34f00000)]
  0x0000026dff2571c0 JavaThread "ForkJoinPool.commonPool-worker-18" daemon [_thread_blocked, id=27724, stack(0x000000bd35600000,0x000000bd35700000)]
  0x0000026dff259370 JavaThread "Worker-14" [_thread_blocked, id=12032, stack(0x000000bd35700000,0x000000bd35800000)]
  0x0000026dff2589d0 JavaThread "Worker-15" [_thread_blocked, id=6844, stack(0x000000bd35900000,0x000000bd35a00000)]
  0x0000026dff258500 JavaThread "Worker-16" [_thread_blocked, id=3808, stack(0x000000bd35c00000,0x000000bd35d00000)]
  0x0000026dff259d10 JavaThread "pool-117-thread-1" [_thread_blocked, id=4484, stack(0x000000bd35e00000,0x000000bd35f00000)]
  0x0000026dff25a6b0 JavaThread "pool-118-thread-1" [_thread_blocked, id=24916, stack(0x000000bd36300000,0x000000bd36400000)]
  0x0000026dff25b520 JavaThread "pool-119-thread-1" [_thread_blocked, id=29080, stack(0x000000bd36200000,0x000000bd36300000)]
  0x0000026dff257b60 JavaThread "pool-120-thread-1" [_thread_blocked, id=30192, stack(0x000000bd36400000,0x000000bd36500000)]
  0x0000026dff254670 JavaThread "pool-121-thread-1" [_thread_blocked, id=28244, stack(0x000000bd36500000,0x000000bd36600000)]
  0x0000026dff255e80 JavaThread "pool-122-thread-1" [_thread_blocked, id=20536, stack(0x000000bd36600000,0x000000bd36700000)]
  0x0000026dff256350 JavaThread "pool-123-thread-1" [_thread_blocked, id=3392, stack(0x000000bd36700000,0x000000bd36800000)]
  0x0000026dff2554e0 JavaThread "pool-124-thread-1" [_thread_blocked, id=27268, stack(0x000000bd36800000,0x000000bd36900000)]
  0x0000026dff2559b0 JavaThread "pool-125-thread-1" [_thread_blocked, id=31304, stack(0x000000bd36900000,0x000000bd36a00000)]
  0x0000026dff256820 JavaThread "pool-126-thread-1" [_thread_blocked, id=9072, stack(0x000000bd36a00000,0x000000bd36b00000)]

Other Threads:
  0x0000026dfdc71740 VMThread "VM Thread" [stack: 0x000000bd33400000,0x000000bd33500000] [id=28108]
  0x0000026dfdeb9bf0 WatcherThread [stack: 0x000000bd34100000,0x000000bd34200000] [id=7344]
  0x0000026de6178e10 GCTaskThread "GC Thread#0" [stack: 0x000000bd33300000,0x000000bd33400000] [id=26756]
=>0x0000026dff5719c0 GCTaskThread "GC Thread#1" [stack: 0x000000bd34400000,0x000000bd34500000] [id=14252]
  0x0000026dff571e80 GCTaskThread "GC Thread#2" [stack: 0x000000bd34500000,0x000000bd34600000] [id=27928]
  0x0000026dff57cc00 GCTaskThread "GC Thread#3" [stack: 0x000000bd34600000,0x000000bd34700000] [id=31648]
  0x0000026dff536030 GCTaskThread "GC Thread#4" [stack: 0x000000bd34700000,0x000000bd34800000] [id=11152]
  0x0000026dff5362e0 GCTaskThread "GC Thread#5" [stack: 0x000000bd34800000,0x000000bd34900000] [id=25476]
  0x0000026dff536590 GCTaskThread "GC Thread#6" [stack: 0x000000bd34900000,0x000000bd34a00000] [id=28908]
  0x0000026d809f2790 GCTaskThread "GC Thread#7" [stack: 0x000000bd34f00000,0x000000bd35000000] [id=27896]
  0x0000026d809f4a50 GCTaskThread "GC Thread#8" [stack: 0x000000bd35000000,0x000000bd35100000] [id=7552]
  0x0000026d808aa060 GCTaskThread "GC Thread#9" [stack: 0x000000bd35100000,0x000000bd35200000] [id=31164]

Threads with active compile tasks:

VM state: at safepoint (normal execution)

VM Mutex/Monitor currently owned by a thread:  ([mutex/lock_event])
[0x0000026de615e2c0] Threads_lock - owner thread: 0x0000026dfdc71740
[0x0000026de615e110] Heap_lock - owner thread: 0x0000026d86c429a0

Heap address: 0x00000000c0000000, size: 1024 MB, Compressed Oops mode: 32-bit

CDS archive(s) not mapped
Compressed class space mapped at: 0x0000000100000000-0x0000000140000000, reserved size: 1073741824
Narrow klass base: 0x0000000000000000, Narrow klass shift: 3, Narrow klass range: 0x140000000

GC Precious Log:
 CPUs: 12 total, 12 available
 Memory: 32687M
 Large Page Support: Disabled
 NUMA Support: Disabled
 Compressed Oops: Enabled (32-bit)
 Alignments: Space 512K, Generation 512K, Heap 2M
 Heap Min Capacity: 100M
 Heap Initial Capacity: 100M
 Heap Max Capacity: 1G
 Pre-touch: Disabled
 Parallel Workers: 10

Heap:
 PSYoungGen      total 3072K, used 512K [0x00000000eab00000, 0x00000000eaf80000, 0x0000000100000000)
  eden space 2560K, 0% used [0x00000000eab00000,0x00000000eab00000,0x00000000ead80000)
  from space 512K, 100% used [0x00000000eae00000,0x00000000eae80000,0x00000000eae80000)
  to   space 1024K, 0% used [0x00000000eae80000,0x00000000eae80000,0x00000000eaf80000)
 ParOldGen       total 197632K, used 197284K [0x00000000c0000000, 0x00000000cc100000, 0x00000000eab00000)
  object space 197632K, 99% used [0x00000000c0000000,0x00000000cc0a9078,0x00000000cc100000)
 Metaspace       used 84843K, committed 85824K, reserved 1130496K
  class space    used 8657K, committed 9088K, reserved 1048576K

Card table byte_map: [0x0000026df97b0000,0x0000026df99c0000] _byte_map_base: 0x0000026df91b0000

Marking Bits: (ParMarkBitMap*) 0x00007ffdf8823af0
 Begin Bits: [0x0000026df9b20000, 0x0000026dfab20000)
 End Bits:   [0x0000026dfab20000, 0x0000026dfbb20000)

Polling page: 0x0000026de6240000

Metaspace:

Usage:
  Non-class:     74.40 MB used.
      Class:      8.45 MB used.
       Both:     82.86 MB used.

Virtual space:
  Non-class space:       80.00 MB reserved,      74.94 MB ( 94%) committed,  10 nodes.
      Class space:        1.00 GB reserved,       8.88 MB ( <1%) committed,  1 nodes.
             Both:        1.08 GB reserved,      83.81 MB (  8%) committed. 

Chunk freelists:
   Non-Class:  895.00 KB
       Class:  3.11 MB
        Both:  3.98 MB

MaxMetaspaceSize: unlimited
CompressedClassSpaceSize: 1.00 GB
Initial GC threshold: 21.00 MB
Current GC threshold: 139.62 MB
CDS: off
MetaspaceReclaimPolicy: balanced
 - commit_granule_bytes: 65536.
 - commit_granule_words: 8192.
 - virtual_space_node_default_size: 1048576.
 - enlarge_chunks_in_place: 1.
 - new_chunks_are_fully_committed: 0.
 - uncommit_free_chunks: 1.
 - use_allocation_guard: 0.
 - handle_deallocations: 1.


Internal statistics:

num_allocs_failed_limit: 9.
num_arena_births: 658.
num_arena_deaths: 148.
num_vsnodes_births: 11.
num_vsnodes_deaths: 0.
num_space_committed: 1341.
num_space_uncommitted: 0.
num_chunks_returned_to_freelist: 177.
num_chunks_taken_from_freelist: 3898.
num_chunk_merges: 68.
num_chunk_splits: 2506.
num_chunks_enlarged: 1579.
num_purges: 6.
num_inconsistent_stats: 0.

CodeHeap 'non-profiled nmethods': size=120000Kb used=20800Kb max_used=20992Kb free=99199Kb
 bounds [0x0000026df20a0000, 0x0000026df3530000, 0x0000026df95d0000]
CodeHeap 'profiled nmethods': size=120000Kb used=29281Kb max_used=29402Kb free=90719Kb
 bounds [0x0000026deab70000, 0x0000026dec8a0000, 0x0000026df20a0000]
CodeHeap 'non-nmethods': size=5760Kb used=1437Kb max_used=1558Kb free=4322Kb
 bounds [0x0000026dea5d0000, 0x0000026dea840000, 0x0000026deab70000]
 total_blobs=15314 nmethods=14523 adapters=702
 compilation: enabled
              stopped_count=0, restarted_count=0
 full_count=0

Compilation events (20 events):
Event: 11846.836 Thread 0x0000026dfdcc5990 nmethod 21562 0x0000026debcae010 code [0x0000026debcae2c0, 0x0000026debcaf408]
Event: 11846.977 Thread 0x0000026dfdcc3460 nmethod 21563 0x0000026df2ceeb90 code [0x0000026df2ceefe0, 0x0000026df2cf2030]
Event: 11847.337 Thread 0x0000026dfdcc5990 21564       3       org.eclipse.jdt.internal.corext.refactoring.code.flow.InputFlowAnalyzer::endVisit (6 bytes)
Event: 11847.337 Thread 0x0000026dfdcc3460 21566       4       org.eclipse.jdt.internal.corext.refactoring.code.flow.InputFlowAnalyzer::endVisit (6 bytes)
Event: 11847.337 Thread 0x0000026dfdcc5990 nmethod 21564 0x0000026deaea7990 code [0x0000026deaea7b20, 0x0000026deaea7c78]
Event: 11847.337 Thread 0x0000026dfdcc5990 21565       3       org.eclipse.jdt.internal.corext.refactoring.code.flow.FlowAnalyzer::endVisit (1 bytes)
Event: 11847.337 Thread 0x0000026dfdcc5990 nmethod 21565 0x0000026deaf6e410 code [0x0000026deaf6e5a0, 0x0000026deaf6e6b8]
Event: 11847.337 Thread 0x0000026dfdcc3460 nmethod 21566 0x0000026df32d7890 code [0x0000026df32d7a20, 0x0000026df32d7ac8]
Event: 11847.621 Thread 0x0000026dfdcc3460 21567       4       org.eclipse.jdt.internal.compiler.lookup.ReferenceBinding::isCompatibleWith0 (400 bytes)
Event: 11847.636 Thread 0x0000026dfdcc3460 nmethod 21567 0x0000026df33eea90 code [0x0000026df33eecc0, 0x0000026df33ef4a8]
Event: 11847.637 Thread 0x0000026dfdcc3460 21568       4       org.eclipse.jdt.internal.compiler.codegen.TypeAnnotationCodeStream::newArray (34 bytes)
Event: 11847.645 Thread 0x0000026dfdcc3460 nmethod 21568 0x0000026df338f690 code [0x0000026df338f860, 0x0000026df338fd88]
Event: 11847.645 Thread 0x0000026dfdcc3460 21569       4       org.eclipse.jdt.internal.corext.dom.GenericVisitor::endVisit (6 bytes)
Event: 11847.645 Thread 0x0000026dfdcc3460 nmethod 21569 0x0000026df32d7590 code [0x0000026df32d7700, 0x0000026df32d7778]
Event: 11847.683 Thread 0x0000026dfdcc3460 21570       4       org.eclipse.jdt.core.dom.ASTSyntaxErrorPropagator::checkAndTagAsMalformed (375 bytes)
Event: 11847.687 Thread 0x0000026dfdcc3460 nmethod 21570 0x0000026df338f090 code [0x0000026df338f220, 0x0000026df338f498]
Event: 11847.858 Thread 0x0000026dfdcc3460 21571       4       java.util.UUID::toString (17 bytes)
Event: 11847.875 Thread 0x0000026dfdcc3460 nmethod 21571 0x0000026df2883f10 code [0x0000026df28840a0, 0x0000026df28845b8]
Event: 11847.905 Thread 0x0000026dfdcc3460 21572       4       org.eclipse.jdt.internal.compiler.parser.RecoveredBlock::updatedBlock (570 bytes)
Event: 11847.939 Thread 0x0000026dfdcc3460 nmethod 21572 0x0000026df281f090 code [0x0000026df281f280, 0x0000026df28200d8]

GC Heap History (20 events):
Event: 11848.316 GC heap after
{Heap after GC invocations=7529 (full 68):
 PSYoungGen      total 3584K, used 704K [0x00000000eab00000, 0x00000000eb080000, 0x0000000100000000)
  eden space 2560K, 0% used [0x00000000eab00000,0x00000000eab00000,0x00000000ead80000)
  from space 1024K, 68% used [0x00000000eaf80000,0x00000000eb030000,0x00000000eb080000)
  to   space 1024K, 0% used [0x00000000eae80000,0x00000000eae80000,0x00000000eaf80000)
 ParOldGen       total 197632K, used 192770K [0x00000000c0000000, 0x00000000cc100000, 0x00000000eab00000)
  object space 197632K, 97% used [0x00000000c0000000,0x00000000cbc40bd8,0x00000000cc100000)
 Metaspace       used 84843K, committed 85824K, reserved 1130496K
  class space    used 8657K, committed 9088K, reserved 1048576K
}
Event: 11848.328 GC heap before
{Heap before GC invocations=7530 (full 68):
 PSYoungGen      total 3584K, used 3264K [0x00000000eab00000, 0x00000000eb080000, 0x0000000100000000)
  eden space 2560K, 100% used [0x00000000eab00000,0x00000000ead80000,0x00000000ead80000)
  from space 1024K, 68% used [0x00000000eaf80000,0x00000000eb030000,0x00000000eb080000)
  to   space 1024K, 0% used [0x00000000eae80000,0x00000000eae80000,0x00000000eaf80000)
 ParOldGen       total 197632K, used 192770K [0x00000000c0000000, 0x00000000cc100000, 0x00000000eab00000)
  object space 197632K, 97% used [0x00000000c0000000,0x00000000cbc40bd8,0x00000000cc100000)
 Metaspace       used 84843K, committed 85824K, reserved 1130496K
  class space    used 8657K, committed 9088K, reserved 1048576K
}
Event: 11848.330 GC heap after
{Heap after GC invocations=7530 (full 68):
 PSYoungGen      total 3584K, used 976K [0x00000000eab00000, 0x00000000eb080000, 0x0000000100000000)
  eden space 2560K, 0% used [0x00000000eab00000,0x00000000eab00000,0x00000000ead80000)
  from space 1024K, 95% used [0x00000000eae80000,0x00000000eaf74010,0x00000000eaf80000)
  to   space 1024K, 0% used [0x00000000eaf80000,0x00000000eaf80000,0x00000000eb080000)
 ParOldGen       total 197632K, used 192882K [0x00000000c0000000, 0x00000000cc100000, 0x00000000eab00000)
  object space 197632K, 97% used [0x00000000c0000000,0x00000000cbc5cbd8,0x00000000cc100000)
 Metaspace       used 84843K, committed 85824K, reserved 1130496K
  class space    used 8657K, committed 9088K, reserved 1048576K
}
Event: 11848.342 GC heap before
{Heap before GC invocations=7531 (full 68):
 PSYoungGen      total 3584K, used 3536K [0x00000000eab00000, 0x00000000eb080000, 0x0000000100000000)
  eden space 2560K, 100% used [0x00000000eab00000,0x00000000ead80000,0x00000000ead80000)
  from space 1024K, 95% used [0x00000000eae80000,0x00000000eaf74010,0x00000000eaf80000)
  to   space 1024K, 0% used [0x00000000eaf80000,0x00000000eaf80000,0x00000000eb080000)
 ParOldGen       total 197632K, used 192882K [0x00000000c0000000, 0x00000000cc100000, 0x00000000eab00000)
  object space 197632K, 97% used [0x00000000c0000000,0x00000000cbc5cbd8,0x00000000cc100000)
 Metaspace       used 84843K, committed 85824K, reserved 1130496K
  class space    used 8657K, committed 9088K, reserved 1048576K
}
Event: 11848.345 GC heap after
{Heap after GC invocations=7531 (full 68):
 PSYoungGen      total 3584K, used 1008K [0x00000000eab00000, 0x00000000eb180000, 0x0000000100000000)
  eden space 2560K, 0% used [0x00000000eab00000,0x00000000eab00000,0x00000000ead80000)
  from space 1024K, 98% used [0x00000000eaf80000,0x00000000eb07c010,0x00000000eb080000)
  to   space 2048K, 0% used [0x00000000ead80000,0x00000000ead80000,0x00000000eaf80000)
 ParOldGen       total 197632K, used 193737K [0x00000000c0000000, 0x00000000cc100000, 0x00000000eab00000)
  object space 197632K, 98% used [0x00000000c0000000,0x00000000cbd32508,0x00000000cc100000)
 Metaspace       used 84843K, committed 85824K, reserved 1130496K
  class space    used 8657K, committed 9088K, reserved 1048576K
}
Event: 11848.355 GC heap before
{Heap before GC invocations=7532 (full 68):
 PSYoungGen      total 3584K, used 3568K [0x00000000eab00000, 0x00000000eb180000, 0x0000000100000000)
  eden space 2560K, 100% used [0x00000000eab00000,0x00000000ead80000,0x00000000ead80000)
  from space 1024K, 98% used [0x00000000eaf80000,0x00000000eb07c010,0x00000000eb080000)
  to   space 2048K, 0% used [0x00000000ead80000,0x00000000ead80000,0x00000000eaf80000)
 ParOldGen       total 197632K, used 193737K [0x00000000c0000000, 0x00000000cc100000, 0x00000000eab00000)
  object space 197632K, 98% used [0x00000000c0000000,0x00000000cbd32508,0x00000000cc100000)
 Metaspace       used 84843K, committed 85824K, reserved 1130496K
  class space    used 8657K, committed 9088K, reserved 1048576K
}
Event: 11848.359 GC heap after
{Heap after GC invocations=7532 (full 68):
 PSYoungGen      total 4608K, used 1152K [0x00000000eab00000, 0x00000000eb100000, 0x0000000100000000)
  eden space 2560K, 0% used [0x00000000eab00000,0x00000000eab00000,0x00000000ead80000)
  from space 2048K, 56% used [0x00000000ead80000,0x00000000eaea0000,0x00000000eaf80000)
  to   space 1536K, 0% used [0x00000000eaf80000,0x00000000eaf80000,0x00000000eb100000)
 ParOldGen       total 197632K, used 194715K [0x00000000c0000000, 0x00000000cc100000, 0x00000000eab00000)
  object space 197632K, 98% used [0x00000000c0000000,0x00000000cbe26e28,0x00000000cc100000)
 Metaspace       used 84843K, committed 85824K, reserved 1130496K
  class space    used 8657K, committed 9088K, reserved 1048576K
}
Event: 11848.373 GC heap before
{Heap before GC invocations=7533 (full 68):
 PSYoungGen      total 4608K, used 3712K [0x00000000eab00000, 0x00000000eb100000, 0x0000000100000000)
  eden space 2560K, 100% used [0x00000000eab00000,0x00000000ead80000,0x00000000ead80000)
  from space 2048K, 56% used [0x00000000ead80000,0x00000000eaea0000,0x00000000eaf80000)
  to   space 1536K, 0% used [0x00000000eaf80000,0x00000000eaf80000,0x00000000eb100000)
 ParOldGen       total 197632K, used 194715K [0x00000000c0000000, 0x00000000cc100000, 0x00000000eab00000)
  object space 197632K, 98% used [0x00000000c0000000,0x00000000cbe26e28,0x00000000cc100000)
 Metaspace       used 84843K, committed 85824K, reserved 1130496K
  class space    used 8657K, committed 9088K, reserved 1048576K
}
Event: 11848.375 GC heap after
{Heap after GC invocations=7533 (full 68):
 PSYoungGen      total 3584K, used 1024K [0x00000000eab00000, 0x00000000eb080000, 0x0000000100000000)
  eden space 2560K, 0% used [0x00000000eab00000,0x00000000eab00000,0x00000000ead80000)
  from space 1024K, 100% used [0x00000000eaf80000,0x00000000eb080000,0x00000000eb080000)
  to   space 1536K, 0% used [0x00000000ead80000,0x00000000ead80000,0x00000000eaf00000)
 ParOldGen       total 197632K, used 194987K [0x00000000c0000000, 0x00000000cc100000, 0x00000000eab00000)
  object space 197632K, 98% used [0x00000000c0000000,0x00000000cbe6ae28,0x00000000cc100000)
 Metaspace       used 84843K, committed 85824K, reserved 1130496K
  class space    used 8657K, committed 9088K, reserved 1048576K
}
Event: 11848.387 GC heap before
{Heap before GC invocations=7534 (full 68):
 PSYoungGen      total 3584K, used 3578K [0x00000000eab00000, 0x00000000eb080000, 0x0000000100000000)
  eden space 2560K, 99% used [0x00000000eab00000,0x00000000ead7ea38,0x00000000ead80000)
  from space 1024K, 100% used [0x00000000eaf80000,0x00000000eb080000,0x00000000eb080000)
  to   space 1536K, 0% used [0x00000000ead80000,0x00000000ead80000,0x00000000eaf00000)
 ParOldGen       total 197632K, used 194987K [0x00000000c0000000, 0x00000000cc100000, 0x00000000eab00000)
  object space 197632K, 98% used [0x00000000c0000000,0x00000000cbe6ae28,0x00000000cc100000)
 Metaspace       used 84843K, committed 85824K, reserved 1130496K
  class space    used 8657K, committed 9088K, reserved 1048576K
}
Event: 11848.390 GC heap after
{Heap after GC invocations=7534 (full 68):
 PSYoungGen      total 4096K, used 448K [0x00000000eab00000, 0x00000000eb000000, 0x0000000100000000)
  eden space 2560K, 0% used [0x00000000eab00000,0x00000000eab00000,0x00000000ead80000)
  from space 1536K, 29% used [0x00000000ead80000,0x00000000eadf0000,0x00000000eaf00000)
  to   space 1024K, 0% used [0x00000000eaf00000,0x00000000eaf00000,0x00000000eb000000)
 ParOldGen       total 197632K, used 195845K [0x00000000c0000000, 0x00000000cc100000, 0x00000000eab00000)
  object space 197632K, 99% used [0x00000000c0000000,0x00000000cbf41748,0x00000000cc100000)
 Metaspace       used 84843K, committed 85824K, reserved 1130496K
  class space    used 8657K, committed 9088K, reserved 1048576K
}
Event: 11848.856 GC heap before
{Heap before GC invocations=7535 (full 68):
 PSYoungGen      total 4096K, used 2996K [0x00000000eab00000, 0x00000000eb000000, 0x0000000100000000)
  eden space 2560K, 99% used [0x00000000eab00000,0x00000000ead7d168,0x00000000ead80000)
  from space 1536K, 29% used [0x00000000ead80000,0x00000000eadf0000,0x00000000eaf00000)
  to   space 1024K, 0% used [0x00000000eaf00000,0x00000000eaf00000,0x00000000eb000000)
 ParOldGen       total 197632K, used 195845K [0x00000000c0000000, 0x00000000cc100000, 0x00000000eab00000)
  object space 197632K, 99% used [0x00000000c0000000,0x00000000cbf41748,0x00000000cc100000)
 Metaspace       used 84843K, committed 85824K, reserved 1130496K
  class space    used 8657K, committed 9088K, reserved 1048576K
}
Event: 11848.858 GC heap after
{Heap after GC invocations=7535 (full 68):
 PSYoungGen      total 3072K, used 192K [0x00000000eab00000, 0x00000000eaf80000, 0x0000000100000000)
  eden space 2560K, 0% used [0x00000000eab00000,0x00000000eab00000,0x00000000ead80000)
  from space 512K, 37% used [0x00000000eaf00000,0x00000000eaf30000,0x00000000eaf80000)
  to   space 512K, 0% used [0x00000000eae80000,0x00000000eae80000,0x00000000eaf00000)
 ParOldGen       total 197632K, used 196005K [0x00000000c0000000, 0x00000000cc100000, 0x00000000eab00000)
  object space 197632K, 99% used [0x00000000c0000000,0x00000000cbf69748,0x00000000cc100000)
 Metaspace       used 84843K, committed 85824K, reserved 1130496K
  class space    used 8657K, committed 9088K, reserved 1048576K
}
Event: 11848.870 GC heap before
{Heap before GC invocations=7536 (full 68):
 PSYoungGen      total 3072K, used 2751K [0x00000000eab00000, 0x00000000eaf80000, 0x0000000100000000)
  eden space 2560K, 99% used [0x00000000eab00000,0x00000000ead7fff0,0x00000000ead80000)
  from space 512K, 37% used [0x00000000eaf00000,0x00000000eaf30000,0x00000000eaf80000)
  to   space 512K, 0% used [0x00000000eae80000,0x00000000eae80000,0x00000000eaf00000)
 ParOldGen       total 197632K, used 196005K [0x00000000c0000000, 0x00000000cc100000, 0x00000000eab00000)
  object space 197632K, 99% used [0x00000000c0000000,0x00000000cbf69748,0x00000000cc100000)
 Metaspace       used 84843K, committed 85824K, reserved 1130496K
  class space    used 8657K, committed 9088K, reserved 1048576K
}
Event: 11848.874 GC heap after
{Heap after GC invocations=7536 (full 68):
 PSYoungGen      total 3072K, used 512K [0x00000000eab00000, 0x00000000eb080000, 0x0000000100000000)
  eden space 2560K, 0% used [0x00000000eab00000,0x00000000eab00000,0x00000000ead80000)
  from space 512K, 100% used [0x00000000eae80000,0x00000000eaf00000,0x00000000eaf00000)
  to   space 1536K, 0% used [0x00000000eaf00000,0x00000000eaf00000,0x00000000eb080000)
 ParOldGen       total 197632K, used 196437K [0x00000000c0000000, 0x00000000cc100000, 0x00000000eab00000)
  object space 197632K, 99% used [0x00000000c0000000,0x00000000cbfd5768,0x00000000cc100000)
 Metaspace       used 84843K, committed 85824K, reserved 1130496K
  class space    used 8657K, committed 9088K, reserved 1048576K
}
Event: 11848.981 GC heap before
{Heap before GC invocations=7537 (full 68):
 PSYoungGen      total 3072K, used 3071K [0x00000000eab00000, 0x00000000eb080000, 0x0000000100000000)
  eden space 2560K, 99% used [0x00000000eab00000,0x00000000ead7fff0,0x00000000ead80000)
  from space 512K, 100% used [0x00000000eae80000,0x00000000eaf00000,0x00000000eaf00000)
  to   space 1536K, 0% used [0x00000000eaf00000,0x00000000eaf00000,0x00000000eb080000)
 ParOldGen       total 197632K, used 196437K [0x00000000c0000000, 0x00000000cc100000, 0x00000000eab00000)
  object space 197632K, 99% used [0x00000000c0000000,0x00000000cbfd5768,0x00000000cc100000)
 Metaspace       used 84843K, committed 85824K, reserved 1130496K
  class space    used 8657K, committed 9088K, reserved 1048576K
}
Event: 11848.983 GC heap after
{Heap after GC invocations=7537 (full 68):
 PSYoungGen      total 3584K, used 800K [0x00000000eab00000, 0x00000000eb000000, 0x0000000100000000)
  eden space 2560K, 0% used [0x00000000eab00000,0x00000000eab00000,0x00000000ead80000)
  from space 1024K, 78% used [0x00000000eaf00000,0x00000000eafc8000,0x00000000eb000000)
  to   space 1024K, 0% used [0x00000000eae00000,0x00000000eae00000,0x00000000eaf00000)
 ParOldGen       total 197632K, used 196960K [0x00000000c0000000, 0x00000000cc100000, 0x00000000eab00000)
  object space 197632K, 99% used [0x00000000c0000000,0x00000000cc058068,0x00000000cc100000)
 Metaspace       used 84843K, committed 85824K, reserved 1130496K
  class space    used 8657K, committed 9088K, reserved 1048576K
}
Event: 11848.995 GC heap before
{Heap before GC invocations=7538 (full 68):
 PSYoungGen      total 3584K, used 3360K [0x00000000eab00000, 0x00000000eb000000, 0x0000000100000000)
  eden space 2560K, 100% used [0x00000000eab00000,0x00000000ead80000,0x00000000ead80000)
  from space 1024K, 78% used [0x00000000eaf00000,0x00000000eafc8000,0x00000000eb000000)
  to   space 1024K, 0% used [0x00000000eae00000,0x00000000eae00000,0x00000000eaf00000)
 ParOldGen       total 197632K, used 196960K [0x00000000c0000000, 0x00000000cc100000, 0x00000000eab00000)
  object space 197632K, 99% used [0x00000000c0000000,0x00000000cc058068,0x00000000cc100000)
 Metaspace       used 84843K, committed 85824K, reserved 1130496K
  class space    used 8657K, committed 9088K, reserved 1048576K
}
Event: 11848.997 GC heap after
{Heap after GC invocations=7538 (full 68):
 PSYoungGen      total 3072K, used 512K [0x00000000eab00000, 0x00000000eaf80000, 0x0000000100000000)
  eden space 2560K, 0% used [0x00000000eab00000,0x00000000eab00000,0x00000000ead80000)
  from space 512K, 100% used [0x00000000eae00000,0x00000000eae80000,0x00000000eae80000)
  to   space 1024K, 0% used [0x00000000eae80000,0x00000000eae80000,0x00000000eaf80000)
 ParOldGen       total 197632K, used 197284K [0x00000000c0000000, 0x00000000cc100000, 0x00000000eab00000)
  object space 197632K, 99% used [0x00000000c0000000,0x00000000cc0a9078,0x00000000cc100000)
 Metaspace       used 84843K, committed 85824K, reserved 1130496K
  class space    used 8657K, committed 9088K, reserved 1048576K
}
Event: 11848.997 GC heap before
{Heap before GC invocations=7539 (full 69):
 PSYoungGen      total 3072K, used 512K [0x00000000eab00000, 0x00000000eaf80000, 0x0000000100000000)
  eden space 2560K, 0% used [0x00000000eab00000,0x00000000eab00000,0x00000000ead80000)
  from space 512K, 100% used [0x00000000eae00000,0x00000000eae80000,0x00000000eae80000)
  to   space 1024K, 0% used [0x00000000eae80000,0x00000000eae80000,0x00000000eaf80000)
 ParOldGen       total 197632K, used 197284K [0x00000000c0000000, 0x00000000cc100000, 0x00000000eab00000)
  object space 197632K, 99% used [0x00000000c0000000,0x00000000cc0a9078,0x00000000cc100000)
 Metaspace       used 84843K, committed 85824K, reserved 1130496K
  class space    used 8657K, committed 9088K, reserved 1048576K
}

Deoptimization events (20 events):
Event: 11846.389 Thread 0x0000026dff2571c0 Uncommon trap: trap_request=0xffffffde fr.pc=0x0000026df334c514 relative=0x00000000000006d4
Event: 11846.389 Thread 0x0000026dff2571c0 Uncommon trap: reason=class_check action=maybe_recompile pc=0x0000026df334c514 method=org.eclipse.jdt.internal.compiler.lookup.ReferenceBinding.isCompatibleWith0(Lorg/eclipse/jdt/internal/compiler/lookup/TypeBinding;Lorg/eclipse/jdt/internal/compiler/look
Event: 11846.389 Thread 0x0000026dff2571c0 DEOPT PACKING pc=0x0000026df334c514 sp=0x000000bd356fdb30
Event: 11846.389 Thread 0x0000026dff2571c0 DEOPT UNPACKING pc=0x0000026dea6220a3 sp=0x000000bd356fdaa0 mode 2
Event: 11846.389 Thread 0x0000026dff2571c0 Uncommon trap: trap_request=0xffffffde fr.pc=0x0000026df334c514 relative=0x00000000000006d4
Event: 11846.389 Thread 0x0000026dff2571c0 Uncommon trap: reason=class_check action=maybe_recompile pc=0x0000026df334c514 method=org.eclipse.jdt.internal.compiler.lookup.ReferenceBinding.isCompatibleWith0(Lorg/eclipse/jdt/internal/compiler/lookup/TypeBinding;Lorg/eclipse/jdt/internal/compiler/look
Event: 11846.389 Thread 0x0000026dff2571c0 DEOPT PACKING pc=0x0000026df334c514 sp=0x000000bd356fdb30
Event: 11846.389 Thread 0x0000026dff2571c0 DEOPT UNPACKING pc=0x0000026dea6220a3 sp=0x000000bd356fdaa0 mode 2
Event: 11846.391 Thread 0x0000026dff2571c0 Uncommon trap: trap_request=0xffffffde fr.pc=0x0000026df334c514 relative=0x00000000000006d4
Event: 11846.391 Thread 0x0000026dff2571c0 Uncommon trap: reason=class_check action=maybe_recompile pc=0x0000026df334c514 method=org.eclipse.jdt.internal.compiler.lookup.ReferenceBinding.isCompatibleWith0(Lorg/eclipse/jdt/internal/compiler/lookup/TypeBinding;Lorg/eclipse/jdt/internal/compiler/look
Event: 11846.391 Thread 0x0000026dff2571c0 DEOPT PACKING pc=0x0000026df334c514 sp=0x000000bd356fdb30
Event: 11846.391 Thread 0x0000026dff2571c0 DEOPT UNPACKING pc=0x0000026dea6220a3 sp=0x000000bd356fdaa0 mode 2
Event: 11846.391 Thread 0x0000026dff2571c0 Uncommon trap: trap_request=0xffffffde fr.pc=0x0000026df334c514 relative=0x00000000000006d4
Event: 11846.392 Thread 0x0000026dff2571c0 Uncommon trap: reason=class_check action=maybe_recompile pc=0x0000026df334c514 method=org.eclipse.jdt.internal.compiler.lookup.ReferenceBinding.isCompatibleWith0(Lorg/eclipse/jdt/internal/compiler/lookup/TypeBinding;Lorg/eclipse/jdt/internal/compiler/look
Event: 11846.392 Thread 0x0000026dff2571c0 DEOPT PACKING pc=0x0000026df334c514 sp=0x000000bd356fdb30
Event: 11846.392 Thread 0x0000026dff2571c0 DEOPT UNPACKING pc=0x0000026dea6220a3 sp=0x000000bd356fdaa0 mode 2
Event: 11846.410 Thread 0x0000026dff2571c0 Uncommon trap: trap_request=0xffffff45 fr.pc=0x0000026df3149374 relative=0x0000000000000574
Event: 11846.410 Thread 0x0000026dff2571c0 Uncommon trap: reason=unstable_if action=reinterpret pc=0x0000026df3149374 method=org.eclipse.jdt.internal.compiler.lookup.SourceTypeBinding.getField([CZ)Lorg/eclipse/jdt/internal/compiler/lookup/FieldBinding; @ 60 c2
Event: 11846.410 Thread 0x0000026dff2571c0 DEOPT PACKING pc=0x0000026df3149374 sp=0x000000bd356fd8c0
Event: 11846.410 Thread 0x0000026dff2571c0 DEOPT UNPACKING pc=0x0000026dea6220a3 sp=0x000000bd356fd830 mode 2

Classes unloaded (20 events):
Event: 10850.813 Thread 0x0000026dfdc71740 Unloading class 0x00000001007ad000 'java/lang/invoke/LambdaForm$MH+0x00000001007ad000'
Event: 10850.813 Thread 0x0000026dfdc71740 Unloading class 0x00000001007acc00 'java/lang/invoke/LambdaForm$MH+0x00000001007acc00'
Event: 10850.813 Thread 0x0000026dfdc71740 Unloading class 0x00000001007ac800 'java/lang/invoke/LambdaForm$MH+0x00000001007ac800'
Event: 10850.813 Thread 0x0000026dfdc71740 Unloading class 0x00000001007ac400 'java/lang/invoke/LambdaForm$MH+0x00000001007ac400'
Event: 10850.813 Thread 0x0000026dfdc71740 Unloading class 0x00000001007a1c00 'java/lang/invoke/LambdaForm$MH+0x00000001007a1c00'
Event: 10850.813 Thread 0x0000026dfdc71740 Unloading class 0x00000001007a1800 'java/lang/invoke/LambdaForm$MH+0x00000001007a1800'
Event: 10850.813 Thread 0x0000026dfdc71740 Unloading class 0x00000001007a1400 'java/lang/invoke/LambdaForm$MH+0x00000001007a1400'
Event: 10850.813 Thread 0x0000026dfdc71740 Unloading class 0x00000001007a1000 'java/lang/invoke/LambdaForm$MH+0x00000001007a1000'
Event: 10850.813 Thread 0x0000026dfdc71740 Unloading class 0x00000001007a0c00 'java/lang/invoke/LambdaForm$MH+0x00000001007a0c00'
Event: 10850.813 Thread 0x0000026dfdc71740 Unloading class 0x00000001007a0800 'java/lang/invoke/LambdaForm$MH+0x00000001007a0800'
Event: 10850.813 Thread 0x0000026dfdc71740 Unloading class 0x00000001007a0400 'java/lang/invoke/LambdaForm$MH+0x00000001007a0400'
Event: 10850.813 Thread 0x0000026dfdc71740 Unloading class 0x00000001007a0000 'java/lang/invoke/LambdaForm$MH+0x00000001007a0000'
Event: 10850.813 Thread 0x0000026dfdc71740 Unloading class 0x0000000100785800 'java/lang/invoke/LambdaForm$MH+0x0000000100785800'
Event: 10850.813 Thread 0x0000026dfdc71740 Unloading class 0x0000000100785400 'java/lang/invoke/LambdaForm$MH+0x0000000100785400'
Event: 10850.813 Thread 0x0000026dfdc71740 Unloading class 0x0000000100784c00 'java/lang/invoke/LambdaForm$MH+0x0000000100784c00'
Event: 11441.926 Thread 0x0000026dfdc71740 Unloading class 0x0000000100844400 'jdk/internal/reflect/GeneratedConstructorAccessor42'
Event: 11441.926 Thread 0x0000026dfdc71740 Unloading class 0x0000000100789400 'jdk/internal/reflect/GeneratedConstructorAccessor39'
Event: 11441.926 Thread 0x0000026dfdc71740 Unloading class 0x0000000100789000 'jdk/internal/reflect/GeneratedConstructorAccessor38'
Event: 11441.926 Thread 0x0000026dfdc71740 Unloading class 0x0000000100788c00 'jdk/internal/reflect/GeneratedConstructorAccessor37'
Event: 11441.926 Thread 0x0000026dfdc71740 Unloading class 0x0000000100788800 'jdk/internal/reflect/GeneratedConstructorAccessor36'

Classes redefined (0 events):
No events

Internal exceptions (20 events):
Event: 11724.122 Thread 0x0000026d86c424d0 Exception <a 'java/lang/ArrayIndexOutOfBoundsException'{0x00000000eac07b30}> (0x00000000eac07b30) 
thrown [e:\jenkins\tmp\workspace\build\src\src\hotspot\share\runtime\sharedRuntime.cpp, line 628]
Event: 11732.569 Thread 0x0000026d80ce21b0 Exception <a 'java/lang/ArrayIndexOutOfBoundsException'{0x00000000ead4f188}> (0x00000000ead4f188) 
thrown [e:\jenkins\tmp\workspace\build\src\src\hotspot\share\runtime\sharedRuntime.cpp, line 628]
Event: 11732.577 Thread 0x0000026d80ce21b0 Exception <a 'java/lang/ArrayIndexOutOfBoundsException'{0x00000000eabbd780}> (0x00000000eabbd780) 
thrown [e:\jenkins\tmp\workspace\build\src\src\hotspot\share\runtime\sharedRuntime.cpp, line 628]
Event: 11754.242 Thread 0x0000026d80af5a20 Exception <a 'sun/nio/fs/WindowsException'{0x00000000eab538a0}> (0x00000000eab538a0) 
thrown [e:\jenkins\tmp\workspace\build\src\src\hotspot\share\prims\jni.cpp, line 516]
Event: 11754.401 Thread 0x0000026d80af5a20 Exception <a 'sun/nio/fs/WindowsException'{0x00000000eac53730}> (0x00000000eac53730) 
thrown [e:\jenkins\tmp\workspace\build\src\src\hotspot\share\prims\jni.cpp, line 516]
Event: 11756.163 Thread 0x0000026d80af5a20 Exception <a 'sun/nio/fs/WindowsException'{0x00000000eab9ad38}> (0x00000000eab9ad38) 
thrown [e:\jenkins\tmp\workspace\build\src\src\hotspot\share\prims\jni.cpp, line 516]
Event: 11756.416 Thread 0x0000026d80af5a20 Exception <a 'sun/nio/fs/WindowsException'{0x00000000eabdf950}> (0x00000000eabdf950) 
thrown [e:\jenkins\tmp\workspace\build\src\src\hotspot\share\prims\jni.cpp, line 516]
Event: 11757.464 Thread 0x0000026dff257b60 Exception <a 'sun/nio/fs/WindowsException'{0x00000000eab61978}> (0x00000000eab61978) 
thrown [e:\jenkins\tmp\workspace\build\src\src\hotspot\share\prims\jni.cpp, line 516]
Event: 11757.464 Thread 0x0000026dff257b60 Exception <a 'sun/nio/fs/WindowsException'{0x00000000eab61f30}> (0x00000000eab61f30) 
thrown [e:\jenkins\tmp\workspace\build\src\src\hotspot\share\prims\jni.cpp, line 516]
Event: 11757.464 Thread 0x0000026dff257b60 Exception <a 'sun/nio/fs/WindowsException'{0x00000000eab62890}> (0x00000000eab62890) 
thrown [e:\jenkins\tmp\workspace\build\src\src\hotspot\share\prims\jni.cpp, line 516]
Event: 11757.464 Thread 0x0000026dff257b60 Exception <a 'sun/nio/fs/WindowsException'{0x00000000eab62b60}> (0x00000000eab62b60) 
thrown [e:\jenkins\tmp\workspace\build\src\src\hotspot\share\prims\jni.cpp, line 516]
Event: 11802.833 Thread 0x0000026dff2571c0 Exception <a 'java/lang/ArrayIndexOutOfBoundsException'{0x00000000eab843a8}> (0x00000000eab843a8) 
thrown [e:\jenkins\tmp\workspace\build\src\src\hotspot\share\runtime\sharedRuntime.cpp, line 628]
Event: 11802.840 Thread 0x0000026dff2571c0 Exception <a 'java/lang/ArrayIndexOutOfBoundsException'{0x00000000ead72fa8}> (0x00000000ead72fa8) 
thrown [e:\jenkins\tmp\workspace\build\src\src\hotspot\share\runtime\sharedRuntime.cpp, line 628]
Event: 11811.638 Thread 0x0000026dff25ab80 Exception <a 'java/lang/ClassNotFoundException'{0x00000000ead27aa0}: sun/net/www/protocol/jdt/Handler> (0x00000000ead27aa0) 
thrown [e:\jenkins\tmp\workspace\build\src\src\hotspot\share\classfile\systemDictionary.cpp, line 256]
Event: 11811.638 Thread 0x0000026dff25ab80 Exception <a 'java/lang/ClassNotFoundException'{0x00000000ead2c110}: sun/net/www/protocol/jdt/Handler> (0x00000000ead2c110) 
thrown [e:\jenkins\tmp\workspace\build\src\src\hotspot\share\classfile\systemDictionary.cpp, line 256]
Event: 11811.638 Thread 0x0000026dff25ab80 Exception <a 'java/lang/ClassNotFoundException'{0x00000000ead2e928}: sun/net/www/protocol/jdt/Handler> (0x00000000ead2e928) 
thrown [e:\jenkins\tmp\workspace\build\src\src\hotspot\share\classfile\systemDictionary.cpp, line 256]
Event: 11826.740 Thread 0x0000026dff2571c0 Implicit null exception at 0x0000026df30c44ca to 0x0000026df30c96a8
Event: 11833.100 Thread 0x0000026d80af5a20 Exception <a 'sun/nio/fs/WindowsException'{0x00000000eab65070}> (0x00000000eab65070) 
thrown [e:\jenkins\tmp\workspace\build\src\src\hotspot\share\prims\jni.cpp, line 516]
Event: 11833.327 Thread 0x0000026d80af5a20 Exception <a 'sun/nio/fs/WindowsException'{0x00000000eabcc0c8}> (0x00000000eabcc0c8) 
thrown [e:\jenkins\tmp\workspace\build\src\src\hotspot\share\prims\jni.cpp, line 516]
Event: 11847.352 Thread 0x0000026dff2571c0 Exception <a 'java/lang/ArrayIndexOutOfBoundsException'{0x00000000eacf6d58}> (0x00000000eacf6d58) 
thrown [e:\jenkins\tmp\workspace\build\src\src\hotspot\share\runtime\sharedRuntime.cpp, line 628]

VM Operations (20 events):
Event: 11848.304 Executing VM operation: ParallelGCFailedAllocation done
Event: 11848.313 Executing VM operation: ParallelGCFailedAllocation
Event: 11848.316 Executing VM operation: ParallelGCFailedAllocation done
Event: 11848.328 Executing VM operation: ParallelGCFailedAllocation
Event: 11848.330 Executing VM operation: ParallelGCFailedAllocation done
Event: 11848.342 Executing VM operation: ParallelGCFailedAllocation
Event: 11848.345 Executing VM operation: ParallelGCFailedAllocation done
Event: 11848.355 Executing VM operation: ParallelGCFailedAllocation
Event: 11848.359 Executing VM operation: ParallelGCFailedAllocation done
Event: 11848.373 Executing VM operation: ParallelGCFailedAllocation
Event: 11848.375 Executing VM operation: ParallelGCFailedAllocation done
Event: 11848.387 Executing VM operation: ParallelGCFailedAllocation
Event: 11848.390 Executing VM operation: ParallelGCFailedAllocation done
Event: 11848.856 Executing VM operation: ParallelGCFailedAllocation
Event: 11848.858 Executing VM operation: ParallelGCFailedAllocation done
Event: 11848.870 Executing VM operation: ParallelGCFailedAllocation
Event: 11848.874 Executing VM operation: ParallelGCFailedAllocation done
Event: 11848.981 Executing VM operation: ParallelGCFailedAllocation
Event: 11848.983 Executing VM operation: ParallelGCFailedAllocation done
Event: 11848.995 Executing VM operation: ParallelGCFailedAllocation

Events (20 events):
Event: 11834.151 Thread 0x0000026dfdcc9580 flushing nmethod 0x0000026debcd8c90
Event: 11834.151 Thread 0x0000026dfdcc9580 flushing nmethod 0x0000026debcf6290
Event: 11834.151 Thread 0x0000026dfdcc9580 flushing nmethod 0x0000026debd33c10
Event: 11834.152 Thread 0x0000026dfdcc9580 flushing nmethod 0x0000026debd77890
Event: 11834.152 Thread 0x0000026dfdcc9580 flushing nmethod 0x0000026debdbd210
Event: 11834.152 Thread 0x0000026dfdcc9580 flushing nmethod 0x0000026debde8710
Event: 11834.152 Thread 0x0000026dfdcc9580 flushing nmethod 0x0000026debe61e90
Event: 11834.153 Thread 0x0000026dfdcc9580 flushing nmethod 0x0000026debfab490
Event: 11834.153 Thread 0x0000026dfdcc9580 flushing nmethod 0x0000026debfd2b90
Event: 11834.154 Thread 0x0000026dfdcc9580 flushing nmethod 0x0000026dec056190
Event: 11834.154 Thread 0x0000026dfdcc9580 flushing nmethod 0x0000026dec107990
Event: 11834.154 Thread 0x0000026dfdcc9580 flushing nmethod 0x0000026dec126990
Event: 11834.155 Thread 0x0000026dfdcc9580 flushing nmethod 0x0000026dec19af90
Event: 11834.156 Thread 0x0000026dfdcc9580 flushing nmethod 0x0000026dec3d9010
Event: 11834.156 Thread 0x0000026dfdcc9580 flushing nmethod 0x0000026dec3fb390
Event: 11834.158 Thread 0x0000026dfdcc9580 flushing nmethod 0x0000026dec68cd10
Event: 11834.158 Thread 0x0000026dfdcc9580 flushing nmethod 0x0000026dec69b690
Event: 11844.940 Thread 0x0000026dff2554e0 Thread added: 0x0000026dff2554e0
Event: 11845.265 Thread 0x0000026dff2559b0 Thread added: 0x0000026dff2559b0
Event: 11846.572 Thread 0x0000026dff256820 Thread added: 0x0000026dff256820


Dynamic libraries:
0x00007ff697dc0000 - 0x00007ff697dce000 	c:\Users\conno\.vscode\extensions\redhat.java-1.6.0-win32-x64\jre\17.0.2-win32-x86_64\bin\java.exe
0x00007ffe8bf40000 - 0x00007ffe8c149000 	C:\WINDOWS\SYSTEM32\ntdll.dll
0x00007ffe8b1b0000 - 0x00007ffe8b26d000 	C:\WINDOWS\System32\KERNEL32.DLL
0x00007ffe899c0000 - 0x00007ffe89d39000 	C:\WINDOWS\System32\KERNELBASE.dll
0x00007ffe89700000 - 0x00007ffe89811000 	C:\WINDOWS\System32\ucrtbase.dll
0x00007ffe40b50000 - 0x00007ffe40b69000 	c:\Users\conno\.vscode\extensions\redhat.java-1.6.0-win32-x64\jre\17.0.2-win32-x86_64\bin\VCRUNTIME140.dll
0x00007ffe41060000 - 0x00007ffe41078000 	c:\Users\conno\.vscode\extensions\redhat.java-1.6.0-win32-x64\jre\17.0.2-win32-x86_64\bin\jli.dll
0x00007ffe8b310000 - 0x00007ffe8b4bc000 	C:\WINDOWS\System32\USER32.dll
0x00007ffe88650000 - 0x00007ffe888f5000 	C:\WINDOWS\WinSxS\amd64_microsoft.windows.common-controls_6595b64144ccf1df_6.0.22000.120_none_9d947278b86cc467\COMCTL32.dll
0x00007ffe89db0000 - 0x00007ffe89dd6000 	C:\WINDOWS\System32\win32u.dll
0x00007ffe8bcb0000 - 0x00007ffe8bd53000 	C:\WINDOWS\System32\msvcrt.dll
0x00007ffe8beb0000 - 0x00007ffe8bed9000 	C:\WINDOWS\System32\GDI32.dll
0x00007ffe89820000 - 0x00007ffe89932000 	C:\WINDOWS\System32\gdi32full.dll
0x00007ffe89430000 - 0x00007ffe894cd000 	C:\WINDOWS\System32\msvcp_win.dll
0x00007ffe8b4c0000 - 0x00007ffe8b4f1000 	C:\WINDOWS\System32\IMM32.DLL
0x00007ffe6ba00000 - 0x00007ffe6ba0c000 	c:\Users\conno\.vscode\extensions\redhat.java-1.6.0-win32-x64\jre\17.0.2-win32-x86_64\bin\vcruntime140_1.dll
0x00007ffe3df90000 - 0x00007ffe3e021000 	c:\Users\conno\.vscode\extensions\redhat.java-1.6.0-win32-x64\jre\17.0.2-win32-x86_64\bin\msvcp140.dll
0x00007ffdf7ca0000 - 0x00007ffdf88e7000 	c:\Users\conno\.vscode\extensions\redhat.java-1.6.0-win32-x64\jre\17.0.2-win32-x86_64\bin\server\jvm.dll
0x00007ffe8bd80000 - 0x00007ffe8be2e000 	C:\WINDOWS\System32\ADVAPI32.dll
0x00007ffe8b270000 - 0x00007ffe8b30e000 	C:\WINDOWS\System32\sechost.dll
0x00007ffe8a220000 - 0x00007ffe8a340000 	C:\WINDOWS\System32\RPCRT4.dll
0x00007ffe8a340000 - 0x00007ffe8a348000 	C:\WINDOWS\System32\PSAPI.DLL
0x00007ffe7cb50000 - 0x00007ffe7cb59000 	C:\WINDOWS\SYSTEM32\WSOCK32.dll
0x00007ffe85d60000 - 0x00007ffe85d6a000 	C:\WINDOWS\SYSTEM32\VERSION.dll
0x00007ffe81cd0000 - 0x00007ffe81d03000 	C:\WINDOWS\SYSTEM32\WINMM.dll
0x00007ffe89e40000 - 0x00007ffe89eaf000 	C:\WINDOWS\System32\WS2_32.dll
0x00007ffe87660000 - 0x00007ffe87678000 	C:\WINDOWS\SYSTEM32\kernel.appcore.dll
0x00007ffe65140000 - 0x00007ffe6514a000 	c:\Users\conno\.vscode\extensions\redhat.java-1.6.0-win32-x64\jre\17.0.2-win32-x86_64\bin\jimage.dll
0x00007ffe88d80000 - 0x00007ffe88fa1000 	C:\WINDOWS\SYSTEM32\DBGHELP.DLL
0x00007ffe88c50000 - 0x00007ffe88c81000 	C:\WINDOWS\SYSTEM32\dbgcore.DLL
0x00007ffe89940000 - 0x00007ffe899bf000 	C:\WINDOWS\System32\bcryptPrimitives.dll
0x00007ffe3f940000 - 0x00007ffe3f965000 	c:\Users\conno\.vscode\extensions\redhat.java-1.6.0-win32-x64\jre\17.0.2-win32-x86_64\bin\java.dll
0x00007ffe3fa00000 - 0x00007ffe3fa18000 	c:\Users\conno\.vscode\extensions\redhat.java-1.6.0-win32-x64\jre\17.0.2-win32-x86_64\bin\zip.dll
0x00007ffe8a9f0000 - 0x00007ffe8b19f000 	C:\WINDOWS\System32\SHELL32.dll
0x00007ffe86670000 - 0x00007ffe86ed8000 	C:\WINDOWS\SYSTEM32\windows.storage.dll
0x00007ffe8b510000 - 0x00007ffe8b888000 	C:\WINDOWS\System32\combase.dll
0x00007ffe86500000 - 0x00007ffe86666000 	C:\WINDOWS\SYSTEM32\wintypes.dll
0x00007ffe89ec0000 - 0x00007ffe89faa000 	C:\WINDOWS\System32\SHCORE.dll
0x00007ffe8bae0000 - 0x00007ffe8bb3d000 	C:\WINDOWS\System32\shlwapi.dll
0x00007ffe89360000 - 0x00007ffe89381000 	C:\WINDOWS\SYSTEM32\profapi.dll
0x00007ffe3f920000 - 0x00007ffe3f939000 	C:\Users\conno\.vscode\extensions\redhat.java-1.6.0-win32-x64\jre\17.0.2-win32-x86_64\bin\net.dll
0x00007ffe827a0000 - 0x00007ffe828ac000 	C:\WINDOWS\SYSTEM32\WINHTTP.dll
0x00007ffe88490000 - 0x00007ffe884f7000 	C:\WINDOWS\system32\mswsock.dll
0x00007ffe3f900000 - 0x00007ffe3f915000 	C:\Users\conno\.vscode\extensions\redhat.java-1.6.0-win32-x64\jre\17.0.2-win32-x86_64\bin\nio.dll
0x00007ffe890e0000 - 0x00007ffe890f8000 	C:\WINDOWS\SYSTEM32\CRYPTSP.dll
0x00007ffe875c0000 - 0x00007ffe875f5000 	C:\WINDOWS\system32\rsaenh.dll
0x00007ffe882b0000 - 0x00007ffe882d9000 	C:\WINDOWS\SYSTEM32\USERENV.dll
0x00007ffe88c90000 - 0x00007ffe88cb7000 	C:\WINDOWS\SYSTEM32\bcrypt.dll
0x00007ffe88400000 - 0x00007ffe8840c000 	C:\WINDOWS\SYSTEM32\CRYPTBASE.dll
0x00007ffe871a0000 - 0x00007ffe871cd000 	C:\WINDOWS\SYSTEM32\IPHLPAPI.DLL
0x00007ffe8b1a0000 - 0x00007ffe8b1a9000 	C:\WINDOWS\System32\NSI.dll
0x00007ffe82bd0000 - 0x00007ffe82be9000 	C:\WINDOWS\SYSTEM32\dhcpcsvc6.DLL
0x00007ffe83120000 - 0x00007ffe8313e000 	C:\WINDOWS\SYSTEM32\dhcpcsvc.DLL
0x00007ffe87210000 - 0x00007ffe872f8000 	C:\WINDOWS\SYSTEM32\DNSAPI.dll
0x00007ffe634f0000 - 0x00007ffe6352e000 	C:\Users\conno\AppData\Roaming\Code\User\globalStorage\redhat.java\1.6.0\config_win\org.eclipse.equinox.launcher\org.eclipse.equinox.launcher.win32.win32.x86_64_1.2.400.v20211117-0650\eclipse_11602.dll
0x00007ffe8b890000 - 0x00007ffe8ba2a000 	C:\WINDOWS\System32\ole32.dll
0x00007ffe83cb0000 - 0x00007ffe83cc0000 	c:\Users\conno\.vscode\extensions\redhat.java-1.6.0-win32-x64\jre\17.0.2-win32-x86_64\bin\verify.dll
0x00007ffe458a0000 - 0x00007ffe458e4000 	C:\Users\conno\AppData\Local\Temp\jna-94844611\jna7453987313844728250.dll
0x00007ffe7c570000 - 0x00007ffe7c57e000 	C:\Users\conno\.vscode\extensions\redhat.java-1.6.0-win32-x64\jre\17.0.2-win32-x86_64\bin\sunmscapi.dll
0x00007ffe894d0000 - 0x00007ffe89632000 	C:\WINDOWS\System32\CRYPT32.dll
0x00007ffe88940000 - 0x00007ffe88968000 	C:\WINDOWS\SYSTEM32\ncrypt.dll
0x00007ffe88900000 - 0x00007ffe88937000 	C:\WINDOWS\SYSTEM32\NTASN1.dll
0x00007ffe7bc60000 - 0x00007ffe7bc68000 	C:\WINDOWS\system32\wshunix.dll
0x00007ffe7cd50000 - 0x00007ffe7cd5a000 	C:\Windows\System32\rasadhlp.dll
0x00007ffe80da0000 - 0x00007ffe80e21000 	C:\WINDOWS\System32\fwpuclnt.dll

dbghelp: loaded successfully - version: 4.0.5 - missing functions: none
symbol engine: initialized successfully - sym options: 0x614 - pdb path: .;c:\Users\conno\.vscode\extensions\redhat.java-1.6.0-win32-x64\jre\17.0.2-win32-x86_64\bin;C:\WINDOWS\SYSTEM32;C:\WINDOWS\WinSxS\amd64_microsoft.windows.common-controls_6595b64144ccf1df_6.0.22000.120_none_9d947278b86cc467;c:\Users\conno\.vscode\extensions\redhat.java-1.6.0-win32-x64\jre\17.0.2-win32-x86_64\bin\server;C:\Users\conno\AppData\Roaming\Code\User\globalStorage\redhat.java\1.6.0\config_win\org.eclipse.equinox.launcher\org.eclipse.equinox.launcher.win32.win32.x86_64_1.2.400.v20211117-0650;C:\Users\conno\AppData\Local\Temp\jna-94844611

VM Arguments:
jvm_args: --add-modules=ALL-SYSTEM --add-opens=java.base/java.util=ALL-UNNAMED --add-opens=java.base/java.lang=ALL-UNNAMED --add-opens=java.base/sun.nio.fs=ALL-UNNAMED -Declipse.application=org.eclipse.jdt.ls.core.id1 -Dosgi.bundles.defaultStartLevel=4 -Declipse.product=org.eclipse.jdt.ls.core.product -Djava.import.generatesMetadataFilesAtProjectRoot=false -Dfile.encoding=utf8 -DwatchParentProcess=false -XX:+UseParallelGC -XX:GCTimeRatio=4 -XX:AdaptiveSizePolicyWeight=90 -Dsun.zip.disableMemoryMapping=true -Xmx1G -Xms100m -XX:+HeapDumpOnOutOfMemoryError -XX:HeapDumpPath=c:\Users\conno\AppData\Roaming\Code\User\workspaceStorage\12c2ddea5a51b5be4645d4cc21411975\redhat.java 
java_command: c:\Users\conno\.vscode\extensions\redhat.java-1.6.0-win32-x64\server\plugins\org.eclipse.equinox.launcher_1.6.400.v20210924-0641.jar -configuration c:\Users\conno\AppData\Roaming\Code\User\globalStorage\redhat.java\1.6.0\config_win -data c:\Users\conno\AppData\Roaming\Code\User\workspaceStorage\12c2ddea5a51b5be4645d4cc21411975\redhat.java\jdt_ws
java_class_path (initial): c:\Users\conno\.vscode\extensions\redhat.java-1.6.0-win32-x64\server\plugins\org.eclipse.equinox.launcher_1.6.400.v20210924-0641.jar
Launcher Type: SUN_STANDARD

[Global flags]
    uintx AdaptiveSizePolicyWeight                 = 90                                        {product} {command line}
     intx CICompilerCount                          = 4                                         {product} {ergonomic}
    uintx GCTimeRatio                              = 4                                         {product} {command line}
     bool HeapDumpOnOutOfMemoryError               = true                                   {manageable} {command line}
    ccstr HeapDumpPath                             = c:\Users\conno\AppData\Roaming\Code\User\workspaceStorage\12c2ddea5a51b5be4645d4cc21411975\redhat.java         {manageable} {command line}
   size_t InitialHeapSize                          = 104857600                                 {product} {command line}
   size_t MaxHeapSize                              = 1073741824                                {product} {command line}
   size_t MaxNewSize                               = 357564416                                 {product} {ergonomic}
   size_t MinHeapDeltaBytes                        = 524288                                    {product} {ergonomic}
   size_t MinHeapSize                              = 104857600                                 {product} {command line}
   size_t NewSize                                  = 34603008                                  {product} {ergonomic}
    uintx NonNMethodCodeHeapSize                   = 5839372                                {pd product} {ergonomic}
    uintx NonProfiledCodeHeapSize                  = 122909434                              {pd product} {ergonomic}
   size_t OldSize                                  = 70254592                                  {product} {ergonomic}
    uintx ProfiledCodeHeapSize                     = 122909434                              {pd product} {ergonomic}
    uintx ReservedCodeCacheSize                    = 251658240                              {pd product} {ergonomic}
     bool SegmentedCodeCache                       = true                                      {product} {ergonomic}
   size_t SoftMaxHeapSize                          = 1073741824                             {manageable} {ergonomic}
     bool UseCompressedClassPointers               = true                           {product lp64_product} {ergonomic}
     bool UseCompressedOops                        = true                           {product lp64_product} {ergonomic}
     bool UseLargePagesIndividualAllocation        = false                                  {pd product} {ergonomic}
     bool UseParallelGC                            = true                                      {product} {command line}

Logging:
Log output configuration:
 #0: stdout all=warning uptime,level,tags
 #1: stderr all=off uptime,level,tags

Environment Variables:
JAVA_HOME=C:\Program Files\Java\jdk-17.0.2
PATH=C:\Program Files\Common Files\Oracle\Java\javapath;C:\Program Files (x86)\Common Files\Oracle\Java\javapath;C:\Windows\system32;C:\Windows;C:\Windows\System32\Wbem;C:\Windows\System32\WindowsPowerShell\v1.0\;C:\Windows\System32\OpenSSH\;C:\Program Files (x86)\NVIDIA Corporation\PhysX\Common;C:\Program Files\NVIDIA Corporation\NVIDIA NGX;C:\Program Files\NVIDIA Corporation\NVIDIA NvDLISR;C:\WINDOWS\system32;C:\WINDOWS;C:\WINDOWS\System32\Wbem;C:\WINDOWS\System32\WindowsPowerShell\v1.0\;C:\WINDOWS\System32\OpenSSH\;C:\Program Files\Microsoft SQL Server\140\Tools\Binn\;C:\Program Files\Microsoft SQL Server\150\Tools\Binn\;C:\Program Files\PowerShell\7\;C:\Program Files\dotnet\;C:\Users\conno\AppData\Local\Microsoft\WindowsApps;C:\Users\conno\AppData\Local\Programs\Microsoft VS Code\bin;C:\Program Files\Java\jdk-17.0.2\bin;C:\Users\conno\.dotnet\tools
USERNAME=conno
OS=Windows_NT
PROCESSOR_IDENTIFIER=Intel64 Family 6 Model 158 Stepping 10, GenuineIntel



---------------  S Y S T E M  ---------------

OS:
 Windows 11 , 64 bit Build 22000 (10.0.22000.675)
OS uptime: 10 days 19:26 hours
Hyper-V role detected

CPU: total 12 (initial active 12) (6 cores per cpu, 2 threads per core) family 6 model 158 stepping 10 microcode 0xea, cx8, cmov, fxsr, ht, mmx, 3dnowpref, sse, sse2, sse3, ssse3, sse4.1, sse4.2, popcnt, lzcnt, tsc, tscinvbit, avx, avx2, aes, erms, clmul, bmi1, bmi2, adx, fma, vzeroupper, clflush, clflushopt, hv

Memory: 4k page, system-wide physical 32687M (18819M free)
TotalPageFile size 37551M (AvailPageFile size 19784M)
current process WorkingSet (physical memory assigned to process): 485M, peak: 517M
current process commit charge ("private bytes"): 507M, peak: 560M

vm_info: OpenJDK 64-Bit Server VM (17.0.2+8) for windows-amd64 JRE (17.0.2+8), built on Jan 20 2022 04:52:34 by "" with MS VC++ 16.7 (VS2019)

END.
